7:39am WOOOOORRRRRDDDD2024/02/18 07:44:40 main.go:62: Request: GET /favicon.ico, Response: 200, Duration: 6.491µs
2024/02/18 07:44:44 main.go:62: Request: GET /favicon.ico, Response: 200, Duration: 1.632µs
2024/02/18 07:46:01 main.go:62: Request: GET /favicon.ico, Response: 200, Duration: 1.343µs
2024/02/18 07:50:01 token_exchange.go:183: 




2024/02/18 07:50:01 token_exchange.go:57: Response: {"ok":false,"error":"invalid_refresh_token"}
2024/02/18 07:50:01 token_exchange.go:128: Error rotating token: failed to rotate token: slack API reported an error
2024/02/18 07:50:01 main.go:50: Server listening on port :4390
2024/02/18 07:50:31 token_exchange.go:183: 




2024/02/18 07:50:31 token_exchange.go:57: Response: {"ok":false,"error":"invalid_refresh_token"}
2024/02/18 07:50:31 token_exchange.go:128: Error rotating token: failed to rotate token: slack API reported an error
2024/02/18 07:50:31 main.go:50: Server listening on port :4390
2024/02/18 07:52:56 token_exchange.go:183: 




2024/02/18 07:52:56 token_exchange.go:57: Response: {"ok":false,"error":"invalid_refresh_token"}
2024/02/18 07:52:56 token_exchange.go:128: Error rotating token: failed to rotate token: slack API reported an error
2024/02/18 07:52:56 main.go:50: Server listening on port :4390
2024/02/18 08:04:58 main.go:62: Request: GET /favicon.ico, Response: 200, Duration: 1.584µs
2024/02/18 08:22:49 token_exchange.go:183: 




2024/02/18 08:22:49 token_exchange.go:57: Response: {"ok":false,"error":"invalid_refresh_token"}
2024/02/18 08:22:49 token_exchange.go:128: Error rotating token: failed to rotate token: slack API reported an error
2024/02/18 08:22:49 main.go:50: Server listening on port :4390
2024/02/18 08:24:06 main.go:62: Request: GET /favicon.ico, Response: 200, Duration: 1.7µs
2024/02/18 08:30:40 token_exchange.go:183: 




2024/02/18 08:30:40 token_exchange.go:57: Response: {"ok":false,"error":"invalid_refresh_token"}
2024/02/18 08:30:40 token_exchange.go:128: Error rotating token: failed to rotate token: slack API reported an error
2024/02/18 08:30:40 main.go:50: Server listening on port :4390
2024/02/18 08:31:28 token_exchange.go:183: 




2024/02/18 08:31:29 token_exchange.go:57: Response: {"ok":false,"error":"invalid_refresh_token"}
2024/02/18 08:31:29 token_exchange.go:128: Error rotating token: failed to rotate token: slack API reported an error
2024/02/18 08:31:29 main.go:50: Server listening on port :4390
2024/02/18 08:33:03 token_exchange.go:183: 




2024/02/18 08:33:03 token_exchange.go:57: Response: {"ok":false,"error":"invalid_refresh_token"}
2024/02/18 08:33:03 token_exchange.go:128: Error rotating token: failed to rotate token: slack API reported an error
2024/02/18 08:33:03 main.go:50: Server listening on port :4390
2024/02/18 11:04:04 main.go:62: Request: GET /favicon.ico, Response: 200, Duration: 6.465µs
2024/02/18 11:32:16 main.go:62: Request: GET /favicon.ico, Response: 200, Duration: 1.588µs
2024/02/18 11:32:35 main.go:62: Request: GET /favicon.ico, Response: 200, Duration: 1.494µs
2024/02/18 12:16:08 main.go:62: Request: GET /favicon.ico, Response: 200, Duration: 1.413µs
2024/02/18 12:50:11 slackbot.go:153: Events: POST /events, Status: 200
2024/02/18 12:50:50 main.go:34: Error reading config: yaml: line 17: found unexpected end of stream
2024/02/18 12:50:51 token_exchange.go:122: Error retrieving refresh token: failed to get item from DynamoDB: operation error DynamoDB: GetItem, https response error StatusCode: 400, RequestID: 8VN9PQDAODG37SQPHR6CN4QS93VV4KQNSO5AEMVJF66Q9ASUAAJG, api error ValidationException: One or more parameter values are not valid. The AttributeValue for a key attribute cannot contain an empty string value. Key: TeamID
2024/02/18 12:50:51 main.go:50: Server listening on port :4390
2024/02/18 13:31:12 token_exchange.go:184: 




2024/02/18 13:31:12 token_exchange.go:57: Response: {"ok":false,"error":"invalid_refresh_token"}
2024/02/18 13:31:12 token_exchange.go:73: Response: 



<nil>
2024/02/18 13:31:12 token_exchange.go:129: Error rotating token: failed to rotate token: slack API reported an error
2024/02/18 13:31:12 main.go:50: Server listening on port :4390
2024/02/18 13:35:50 token_exchange.go:184: 




2024/02/18 13:35:50 token_exchange.go:57: Response: 




2024/02/18 13:35:50 token_exchange.go:109: Token rotated and stored successfully for user T03FFC1TUPR
2024/02/18 13:35:50 main.go:50: Server listening on port :4390
2024/02/18 13:56:13 main.go:62: Request: GET /favicon.ico, Response: 200, Duration: 6.367µs
2024/02/18 13:56:13 main.go:62: Request: GET /favicon.ico, Response: 200, Duration: 1.4µs
2024/02/18 14:13:12 token_exchange.go:57: Response: 
2024/02/18 14:13:12 token_exchange.go:109: Token rotated and stored successfully for user T03FFC1TUPR
2024/02/18 14:13:12 main.go:50: Server listening on port :4390
2024/02/18 14:15:50 token_exchange.go:109: Token rotated and stored successfully for user T03FFC1TUPR
2024/02/18 14:15:50 main.go:50: Server listening on port :4390
2024/02/18 14:24:02 token_exchange.go:109: Token rotated and stored successfully for user T03FFC1TUPR
2024/02/18 14:24:02 main.go:50: Server listening on port :4390
2024/02/18 14:37:05 slackbot.go:153: Events: POST /events, Status: 200
2024/02/18 17:38:21 token_exchange.go:86: Response: &{true  xoxe-1-My0xLTM1MjU0MDk5NDY4MDctNjYzMjIxNTc1MzU4NS02NjQ1ODA5ODE5NjIzLWQxZGUxNjVhZjlhMWI3YjYyM2YwYThhYzFmYjEyMjZlMzRmYzQwNTY0ZmVlNWI3NTY3NWVmMTk1NjA4MGMyNzc T03FFC1TUPR U03G8JD38GH 1708299501 1708342701}
2024/02/18 17:38:21 token_exchange.go:109: Token rotated and stored successfully for user T03FFC1TUPR
2024/02/18 17:38:21 main.go:50: Server listening on port :4390
2024/02/18 17:42:31 token_exchange.go:86: Response: &{true xoxe.xoxp-1-Mi0yLTM1MjU0MDk5NDY4MDctMzU1MjYyNTExMDU2MS02NjMyMjE1NzUzNTg1LTY2NTc0NTk0MTc4NzctZWQ0MTA3OGQ2OWZiNmJiMWNmNDgwNmYxYjcxZTlhYzZkNDFjYmFhOWE4MTRlMTE3MjE3ZjI4YTk1MWJmYmU2ZQ xoxe-1-My0xLTM1MjU0MDk5NDY4MDctNjYzMjIxNTc1MzU4NS02NjYyODMxNjA1NzgwLWY4ZmIxMzM3ZTVmNGVkYTJlZGEyYmFkMGU2YTlhYWE0MmM0NzIzZTljNWYyZjVkZGE0M2I2OTg1MTIwOTg3YmE T03FFC1TUPR U03G8JD38GH 1708299751 1708342951}
2024/02/18 17:42:31 token_exchange.go:109: Token rotated and stored successfully for user T03FFC1TUPR
2024/02/18 17:42:31 main.go:50: Server listening on port :4390
2024/02/18 19:12:28 token_exchange.go:88: Response: &{true xoxe.xoxp-1-Mi0yLTM1MjU0MDk5NDY4MDctMzU1MjYyNTExMDU2MS02NjMyMjE1NzUzNTg1LTY2NTc2NjA1OTY5NDktZjFmMzQ4ZWE2MDRkOTZkZGU5YmYxZTk2MGI1NDZlN2YwY2ZkYmViYmZlMmNkMWEyODAxYmRkMmE0MmFhMjZhNg xoxe-1-My0xLTM1MjU0MDk5NDY4MDctNjYzMjIxNTc1MzU4NS02NjYwNTc1OTc2MTE0LWEwZTZiMzVlOThjMWJmYWE5Mzg1OGE4NWI1ZmEyOTUwYmY3MWZhZWMxM2U0YThlODc5MzViZThmZDNhNTM0MzE T03FFC1TUPR U03G8JD38GH 1708305148 1708348348}
2024/02/18 19:12:28 token_exchange.go:112: Token rotated and stored successfully for user T03FFC1TUPR
2024/02/18 19:12:28 main.go:50: Server listening on port :4390
2024/02/18 19:20:36 slackbot.go:94: X-Slack-Signature: v0=f07c1a7b6a6bab029074c1f7fa6970e6b1e8b8e1e852805da3bf935540fef8af, X-Slack-Request-Timestamp: 1708305636
2024/02/18 19:20:36 slackbot.go:167: Unsupported inner event type received: &{Type:app_home_opened User:U03G8JD38GH Channel:D06JAA4NTC4 EventTimeStamp:1708305636.895506 Tab:home View:{SlackResponse:{Ok:false Error: ResponseMetadata:{Cursor: Messages:[] Warnings:[]}} ID: TeamID: Type: Title:<nil> Close:<nil> Submit:<nil> Blocks:{BlockSet:[]} PrivateMetadata: CallbackID: State:<nil> Hash: ClearOnClose:false NotifyOnClose:false RootViewID: PreviousViewID: AppID: ExternalID: BotID: AppInstalledTeamID:}}
2024/02/18 19:20:58 token_exchange.go:88: Response: &{true xoxe.xoxp-1-Mi0yLTM1MjU0MDk5NDY4MDctMzU1MjYyNTExMDU2MS02NjMyMjE1NzUzNTg1LTY2NzMyNTY5NzI0ODEtODBkZDRhZTZiNjI4NWYzMWQyMDFjM2QwMGYwMmRjYmFlYWNkNzA0ZjgyZmM5ZWZkMjFmYjNlYTY2NTFlNDVmMg xoxe-1-My0xLTM1MjU0MDk5NDY4MDctNjYzMjIxNTc1MzU4NS02NjYzMDU0MDQ2NzcyLWI1NzM5MTBiZGE1ZjBhNDMwNDUwMDljZDYzYzU1OWZkMjI4ZWQxZWEyN2M5ZTJkODZhYTMyMzljNWFiZDMyYjc T03FFC1TUPR U03G8JD38GH 1708305658 1708348858}
2024/02/18 19:20:58 token_exchange.go:112: Token rotated and stored successfully for user T03FFC1TUPR
2024/02/18 19:20:58 main.go:50: Server listening on port :4390
2024/02/18 19:21:41 slackbot.go:94: X-Slack-Signature: v0=5c30b579a93a33c4bbd8527d1af8b10f0f6400530bb91d997c83bcf11fd5b2a7, X-Slack-Request-Timestamp: 1708305701
2024/02/18 19:21:41 slackbot.go:167: Unsupported inner event type received: &{Type:app_home_opened User:U03G8JD38GH Channel:D06JAA4NTC4 EventTimeStamp:1708305701.211055 Tab:home View:{SlackResponse:{Ok:false Error: ResponseMetadata:{Cursor: Messages:[] Warnings:[]}} ID: TeamID: Type: Title:<nil> Close:<nil> Submit:<nil> Blocks:{BlockSet:[]} PrivateMetadata: CallbackID: State:<nil> Hash: ClearOnClose:false NotifyOnClose:false RootViewID: PreviousViewID: AppID: ExternalID: BotID: AppInstalledTeamID:}}
2024/02/18 19:23:49 slackbot.go:94: X-Slack-Signature: v0=f902b52e2de260802caf92b9b06de367b3ce569fe3600b8f419a5ab2985eedcf, X-Slack-Request-Timestamp: 1708305829
2024/02/18 19:23:49 loadBlocksFromFile.go:14: Error reading file: open homePage.json: no such file or directory
2024/02/18 19:23:49 publishHomePage.go:14: Error loading blocks from file: open homePage.json: no such file or directory
2024/02/18 19:23:49 publishHomePage.go:24: Error publishing view: not_allowed_token_type
2024/02/18 19:23:49 slackbot.go:165: Events: POST /events, Status: 200
2024/02/18 19:25:38 slackbot.go:94: X-Slack-Signature: v0=f079b263c4d5ffa953f914c6b9197cbc0ff4acbe36f508821ecc38822c1f5f09, X-Slack-Request-Timestamp: 1708305938
2024/02/18 19:25:38 slackbot.go:167: Unsupported inner event type received: &{Type:app_home_opened User:U03G8JD38GH Channel:D06JAA4NTC4 EventTimeStamp:1708305938.443025 Tab:home View:{SlackResponse:{Ok:false Error: ResponseMetadata:{Cursor: Messages:[] Warnings:[]}} ID: TeamID: Type: Title:<nil> Close:<nil> Submit:<nil> Blocks:{BlockSet:[]} PrivateMetadata: CallbackID: State:<nil> Hash: ClearOnClose:false NotifyOnClose:false RootViewID: PreviousViewID: AppID: ExternalID: BotID: AppInstalledTeamID:}}
2024/02/18 19:26:13 slackbot.go:94: X-Slack-Signature: v0=a5829abbd871e7c36df2e153786121b7962a7dd44fc6ef472d5e0e7e4b2cf4d5, X-Slack-Request-Timestamp: 1708305973
2024/02/18 19:26:13 loadBlocksFromFile.go:14: Error reading file: open homePage.json: no such file or directory
2024/02/18 19:26:13 publishHomePage.go:14: Error loading blocks from file: open homePage.json: no such file or directory
2024/02/18 19:26:13 publishHomePage.go:24: Error publishing view: not_allowed_token_type
2024/02/18 19:26:13 slackbot.go:165: Events: POST /events, Status: 200
2024/02/18 19:31:03 token_exchange.go:88: Response: &{true xoxe.xoxp-1-Mi0yLTM1MjU0MDk5NDY4MDctMzU1MjYyNTExMDU2MS02NjMyMjE1NzUzNTg1LTY2ODM0MDg5MDgzNjgtMzQ2ZDA5ZmYyMGJmYzM5N2U3MzQ0YjE0OTA2ZGJlYTg3ZDVhYzBmMjRlNmI3YWVhYThlNmMwMzMyODE5ZTE0Yw xoxe-1-My0xLTM1MjU0MDk5NDY4MDctNjYzMjIxNTc1MzU4NS02NjUzOTg5MDQ3OTU4LWIzODFjY2RkNjk4NjIxNzk0MjE0NjBlMzc0OTI3ZGY2ZmVhNjRmYzY3ZDNmMjg0NDIwZDY0OWY3ZWEzN2VjOGE T03FFC1TUPR U03G8JD38GH 1708306263 1708349463}
2024/02/18 19:31:03 token_exchange.go:112: Token rotated and stored successfully for user T03FFC1TUPR
2024/02/18 19:31:03 main.go:50: Server listening on port :4390
2024/02/18 19:31:41 slackbot.go:56: Raw OAuth Response: {"ok":true,"app_id":"A06J7D5SJGK","authed_user":{"id":"U03G8JD38GH"},"scope":"app_mentions:read,chat:write.customize,chat:write,chat:write.public,incoming-webhook,commands","token_type":"bot","access_token":"xoxe.xoxb-1-MS0yLTM1MjU0MDk5NDY4MDctNjYzMjU0MzkyNTU2OS02NjA1MzI2ODM5ODMxLTY2ODIzOTcwMTUxMzYtNjU3MTQ4NTkzZjU0NGZlMjQ0YmUwMTdkYTU1ZDNjZWU2MDM2ZDk2YzUwZGE4YzEwY2YwNDA3MTU2NDg4ZTZiZg","bot_user_id":"U06JLFZT7GR","refresh_token":"xoxe-1-My0xLTM1MjU0MDk5NDY4MDctNjYwNTMyNjgzOTgzMS02NjQyNjcyNzUxNjY0LTdkMjY3YjhkZGNhYzMwZGRjNWQ5MTBmMTc1YzMzNzM4MjQzNGIyMzM2ZTk2N2I1NjJhOGYwNTdkODVmM2QxMDg","expires_in":3145,"team":{"id":"T03FFC1TUPR","name":"wilson gmail test"},"enterprise":null,"is_enterprise_install":false,"incoming_webhook":{"channel":"#general","channel_id":"C03FYAC861J","configuration_url":"https:\/\/wilsongmailtest.slack.com\/services\/B06KH2DSZEY","url":"https:\/\/hooks.slack.com\/services\/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"}}
2024/02/18 19:31:41 slackbot.go:86: OAUTHRESONSE: {true xoxe.xoxb-1-MS0yLTM1MjU0MDk5NDY4MDctNjYzMjU0MzkyNTU2OS02NjA1MzI2ODM5ODMxLTY2ODIzOTcwMTUxMzYtNjU3MTQ4NTkzZjU0NGZlMjQ0YmUwMTdkYTU1ZDNjZWU2MDM2ZDk2YzUwZGE4YzEwY2YwNDA3MTU2NDg4ZTZiZg bot app_mentions:read,chat:write.customize,chat:write,chat:write.public,incoming-webhook,commands U06JLFZT7GR A06J7D5SJGK {wilson gmail test T03FFC1TUPR} { } {U03G8JD38GH   }}
2024/02/18 19:31:41 main.go:62: Request: GET /favicon.ico, Response: 200, Duration: 1.167µs
2024/02/18 19:31:52 slackbot.go:94: X-Slack-Signature: v0=2b390c32f4a0981afcb4e2278c13aa9b13c8683bc769da5bfe2e2f8ddb1409ea, X-Slack-Request-Timestamp: 1708306312
2024/02/18 19:31:52 slackbot.go:167: Unsupported inner event type received: &{Type:app_home_opened User:U03G8JD38GH Channel:D06JAA4NTC4 EventTimeStamp:1708306312.342483 Tab:home View:{SlackResponse:{Ok:false Error: ResponseMetadata:{Cursor: Messages:[] Warnings:[]}} ID: TeamID: Type: Title:<nil> Close:<nil> Submit:<nil> Blocks:{BlockSet:[]} PrivateMetadata: CallbackID: State:<nil> Hash: ClearOnClose:false NotifyOnClose:false RootViewID: PreviousViewID: AppID: ExternalID: BotID: AppInstalledTeamID:}}
2024/02/18 19:40:30 token_exchange.go:88: Response: &{true xoxe.xoxp-1-Mi0yLTM1MjU0MDk5NDY4MDctMzU1MjYyNTExMDU2MS02NjMyMjE1NzUzNTg1LTY2NTc3MzIwNTU3ODEtOWE3ZTRmZjNlYzJiNWYzOTE3OTg0ODcwZDU0YTEzMDU1ZGNjMmJmNTYwNzJkN2E5YjdjM2IyMDhjZmZjZWVjYw xoxe-1-My0xLTM1MjU0MDk5NDY4MDctNjYzMjIxNTc1MzU4NS02NjYwNjQ3NDM0MTk0LTFlYjQwZTIxZTlkYTNhODAzOWNkMjYxNDIzYjQ3MWUzZjViNWNmZTUwMDRhYWFmYWQ0M2IxOTM2Nzc3ZTg1N2M T03FFC1TUPR U03G8JD38GH 1708306830 1708350030}
2024/02/18 19:40:30 token_exchange.go:112: Token rotated and stored successfully for user T03FFC1TUPR
2024/02/18 19:40:30 main.go:50: Server listening on port :4390
2024/02/18 19:40:52 slackbot.go:94: X-Slack-Signature: v0=a48f33475faf13e001f446f92b47088578b503e5d9fce7f86bdc9f63f8d71693, X-Slack-Request-Timestamp: 1708306852
2024/02/18 19:40:52 slackbot.go:167: Unsupported inner event type received: &{Type:app_home_opened User:U03G8JD38GH Channel:D06JAA4NTC4 EventTimeStamp:1708306852.812434 Tab:home View:{SlackResponse:{Ok:false Error: ResponseMetadata:{Cursor: Messages:[] Warnings:[]}} ID: TeamID: Type: Title:<nil> Close:<nil> Submit:<nil> Blocks:{BlockSet:[]} PrivateMetadata: CallbackID: State:<nil> Hash: ClearOnClose:false NotifyOnClose:false RootViewID: PreviousViewID: AppID: ExternalID: BotID: AppInstalledTeamID:}}
2024/02/18 19:50:29 token_exchange.go:88: Response: &{true xoxe.xoxp-1-Mi0yLTM1MjU0MDk5NDY4MDctMzU1MjYyNTExMDU2MS02NjMyMjE1NzUzNTg1LTY2NzMzMzI2NTgxNjEtMGFjNmZmZWY1MTIzNmU0MzVjMTRlN2Q2NWEwNGU1NDA3N2NlZDU5NGQ5Y2VkNzNjMDM1N2M3OTkwYjAzNGQ3Nw xoxe-1-My0xLTM1MjU0MDk5NDY4MDctNjYzMjIxNTc1MzU4NS02NjU3NzU3NTQ5OTI1LWU4YzM1MGQyZWRmMDJjMTU3MjI0MzAyMDQ4NTRlMzllOGVhMGYyNjBiODM2NTMzZGM0ZWY4Y2ZjY2U1OWNhYzQ T03FFC1TUPR U03G8JD38GH 1708307429 1708350629}
2024/02/18 19:50:29 token_exchange.go:112: Token rotated and stored successfully for user T03FFC1TUPR
2024/02/18 19:50:29 main.go:50: Server listening on port :4390
2024/02/18 19:50:58 slackbot.go:94: X-Slack-Signature: v0=00cecdfb6d56f9e0fb796222b4863411592642c389765b1fea2e7f4f451e9d7e, X-Slack-Request-Timestamp: 1708307458
2024/02/18 19:51:45 slackbot.go:94: X-Slack-Signature: v0=a6f281508ac0e8128560819fd7e40bb429316e911bc84179085d849c64a29faf, X-Slack-Request-Timestamp: 1708307505
2024/02/18 19:51:45 slackbot.go:162: App home opened event received: &{Type:app_home_opened User:U03G8JD38GH Channel:D06JAA4NTC4 EventTimeStamp:1708307505.194711 Tab:home View:{SlackResponse:{Ok:false Error: ResponseMetadata:{Cursor: Messages:[] Warnings:[]}} ID: TeamID: Type: Title:<nil> Close:<nil> Submit:<nil> Blocks:{BlockSet:[]} PrivateMetadata: CallbackID: State:<nil> Hash: ClearOnClose:false NotifyOnClose:false RootViewID: PreviousViewID: AppID: ExternalID: BotID: AppInstalledTeamID:}}
2024/02/18 19:51:45 loadBlocksFromFile.go:21: Error unmarshaling file: json: cannot unmarshal object into Go value of type []slack.Block
2024/02/18 19:51:45 publishHomePage.go:14: Error loading blocks from file: json: cannot unmarshal object into Go value of type []slack.Block
2024/02/18 19:51:45 publishHomePage.go:24: Error publishing view: not_allowed_token_type
2024/02/18 19:51:45 slackbot.go:172: Events: POST /events, Status: 200
2024/02/18 19:58:18 token_exchange.go:88: Response: &{true xoxe.xoxp-1-Mi0yLTM1MjU0MDk5NDY4MDctMzU1MjYyNTExMDU2MS02NjMyMjE1NzUzNTg1LTY2NTQwNTg3NjQxNTAtYzlmYmEwZTJiN2YyNjc4N2FkOGViNjRjMGM5MWFmNTc2NDUyMDhlMGUwNTEyY2ZkNGRiMmE3MjNkZTY3MTkwYQ xoxe-1-My0xLTM1MjU0MDk5NDY4MDctNjYzMjIxNTc1MzU4NS02NjczMzUyODA3OTA1LThjN2YwZmIwMWE2NTRhNTdhZTVhOTMyNzBjOGFmNzk0OTRiNzkzZTlkOTQyNGU3MGFiNzdiYzZhOWE0N2UxNWU T03FFC1TUPR U03G8JD38GH 1708307898 1708351098}
2024/02/18 19:58:18 token_exchange.go:112: Token rotated and stored successfully for user T03FFC1TUPR
2024/02/18 19:58:18 main.go:50: Server listening on port :4390
2024/02/18 19:58:30 slackbot.go:94: X-Slack-Signature: v0=68b2a0212ebfe159f323966736e593905f9f9b3119aa7160ad96564d644b704b, X-Slack-Request-Timestamp: 1708307910
2024/02/18 19:58:30 slackbot.go:162: App home opened event received: &{Type:app_home_opened User:U03G8JD38GH Channel:D06JAA4NTC4 EventTimeStamp:1708307910.629135 Tab:home View:{SlackResponse:{Ok:false Error: ResponseMetadata:{Cursor: Messages:[] Warnings:[]}} ID: TeamID: Type: Title:<nil> Close:<nil> Submit:<nil> Blocks:{BlockSet:[]} PrivateMetadata: CallbackID: State:<nil> Hash: ClearOnClose:false NotifyOnClose:false RootViewID: PreviousViewID: AppID: ExternalID: BotID: AppInstalledTeamID:}}
2024/02/18 19:58:30 loadBlocksFromFile.go:24: Error unmarshaling file: json: cannot unmarshal object into Go struct field blocksWrapper.Blocks of type slack.Block
2024/02/18 19:58:30 publishHomePage.go:14: Error loading blocks from file: json: cannot unmarshal object into Go struct field blocksWrapper.Blocks of type slack.Block
2024/02/18 19:58:30 publishHomePage.go:24: Error publishing view: not_allowed_token_type
2024/02/18 19:58:30 slackbot.go:172: Events: POST /events, Status: 200
2024/02/19 18:26:19 main.go:62: Request: GET /favicon.ico, Response: 200, Duration: 1.264µs
2024/02/19 21:03:21 token_exchange.go:126: Error retrieving refresh token: failed to get item from DynamoDB: operation error DynamoDB: GetItem, https response error StatusCode: 400, RequestID: 88G3ILRCA3P1KHIB9KNDJG00TJVV4KQNSO5AEMVJF66Q9ASUAAJG, api error ValidationException: The provided key element does not match the schema
2024/02/19 21:03:21 main.go:50: Server listening on port :4390
2024/02/19 21:07:15 token_exchange.go:126: Error retrieving refresh token: failed to get item from DynamoDB: operation error DynamoDB: GetItem, https response error StatusCode: 400, RequestID: PTBVLRCQVRO3NQF3AVGO0E731NVV4KQNSO5AEMVJF66Q9ASUAAJG, api error ValidationException: The provided key element does not match the schema
2024/02/19 21:07:15 main.go:50: Server listening on port :4390
2024/02/19 21:08:47 token_exchange.go:126: Error retrieving refresh token: no item found with the key TeamID
2024/02/19 21:08:47 main.go:50: Server listening on port :4390
2024/02/19 21:10:54 token_exchange.go:126: Error retrieving refresh token: no item found with the key TeamID
2024/02/19 21:10:54 main.go:50: Server listening on port :4390
2024/02/19 21:13:00 token_exchange.go:88: Response: &{true xoxe.xoxp-1-Mi0yLTM1MjU0MDk5NDY4MDctMzU1MjYyNTExMDU2MS02NjMyMjE1NzUzNTg1LTY2ODk3MjIzMzk2MTYtMDUyNDJiNjA5MmM0ZWQ2MzUyMzAyNDNmNTc1ZDcyMzFiN2I1M2E1Yjc1MGQ5MDI4Y2EzOWRmMTIyODhlMWNkNA xoxe-1-My0xLTM1MjU0MDk5NDY4MDctNjYzMjIxNTc1MzU4NS02NjY0MDIxNjA5NDQ1LTE2MmQzMDU1MzViYTE2MDMxZGFkZWRmNzUwYWE1MDNmYWQ4YzQyNjIwMDk3NTM5NDgzYjRiMTgxZjQwYWE4ZjE T03FFC1TUPR U03G8JD38GH 1708398780 1708441980}
2024/02/19 21:13:00 token_exchange.go:108: Error updating item: operation error DynamoDB: UpdateItem, https response error StatusCode: 400, RequestID: 3T0ROSEI65036DG07E6SAJCS4NVV4KQNSO5AEMVJF66Q9ASUAAJG, api error ValidationException: The provided key element does not match the schema
2024/02/19 21:13:00 token_exchange.go:132: Error rotating token: failed to update item in DynamoDB: operation error DynamoDB: UpdateItem, https response error StatusCode: 400, RequestID: 3T0ROSEI65036DG07E6SAJCS4NVV4KQNSO5AEMVJF66Q9ASUAAJG, api error ValidationException: The provided key element does not match the schema
2024/02/19 21:13:00 main.go:50: Server listening on port :4390
2024/02/19 21:14:56 token_exchange.go:88: Response: &{true xoxe.xoxp-1-Mi0yLTM1MjU0MDk5NDY4MDctMzU1MjYyNTExMDU2MS02NjMyMjE1NzUzNTg1LTY2ODk3Mjc1OTI0MzItYWM5NzA2NjY3ZWNmYzE2ZTllYTIxNTA5MmVlMzk5OGU4Y2U0Mzk5ZjM0OTY3MjJiNzdkOWZmMTkzMWY1MzhmMA xoxe-1-My0xLTM1MjU0MDk5NDY4MDctNjYzMjIxNTc1MzU4NS02NjY0MDIxNjA5NDQ1LTE2MmQzMDU1MzViYTE2MDMxZGFkZWRmNzUwYWE1MDNmYWQ4YzQyNjIwMDk3NTM5NDgzYjRiMTgxZjQwYWE4ZjE T03FFC1TUPR U03G8JD38GH 1708398780 1708442097}
2024/02/19 21:14:57 token_exchange.go:112: Token rotated and stored successfully for user T03FFC1TUPR
2024/02/19 21:14:57 main.go:50: Server listening on port :4390
2024/02/19 21:17:20 slackbot.go:62: Raw OAuth Response: {"ok":true,"app_id":"A06J7D5SJGK","authed_user":{"id":"U03G8JD38GH"},"scope":"app_mentions:read,chat:write.customize,chat:write,chat:write.public,incoming-webhook,commands","token_type":"bot","access_token":"xoxe.xoxb-1-MS0yLTM1MjU0MDk5NDY4MDctNjYzMjU0MzkyNTU2OS02NjA1MzI2ODM5ODMxLTY2NjQwMzM1MTQyMTMtY2U5YzQ3MmMwN2MyNDc4YjlhMDEwMDQwM2NmNGNlYmVkZTk5NWQ0ZGM3YjI3OWRhZDhjMWI2ZWE3ZTk0NzJmMg","bot_user_id":"U06JLFZT7GR","refresh_token":"xoxe-1-My0xLTM1MjU0MDk5NDY4MDctNjYwNTMyNjgzOTgzMS02NjYwMzE0NDI3MDMwLTExMmFiYWY3MmJkNjljNDQ0MDE1OTNhYjI5OGUxNDE3MGUyYTg2ODM1Y2QwNzI4ZmJhZDZlMzY4NTNlZjRmMzE","expires_in":43200,"team":{"id":"T03FFC1TUPR","name":"wilson gmail test"},"enterprise":null,"is_enterprise_install":false,"incoming_webhook":{"channel":"#general","channel_id":"C03FYAC861J","configuration_url":"https:\/\/wilsongmailtest.slack.com\/services\/B06KLTWL7RQ","url":"https:\/\/hooks.slack.com\/services\/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"}}
2024/02/19 21:17:20 slackbot.go:83: OAUTHRESONSE: {true xoxe.xoxb-1-MS0yLTM1MjU0MDk5NDY4MDctNjYzMjU0MzkyNTU2OS02NjA1MzI2ODM5ODMxLTY2NjQwMzM1MTQyMTMtY2U5YzQ3MmMwN2MyNDc4YjlhMDEwMDQwM2NmNGNlYmVkZTk5NWQ0ZGM3YjI3OWRhZDhjMWI2ZWE3ZTk0NzJmMg xoxe-1-My0xLTM1MjU0MDk5NDY4MDctNjYwNTMyNjgzOTgzMS02NjYwMzE0NDI3MDMwLTExMmFiYWY3MmJkNjljNDQ0MDE1OTNhYjI5OGUxNDE3MGUyYTg2ODM1Y2QwNzI4ZmJhZDZlMzY4NTNlZjRmMzE 43200 app_mentions:read,chat:write.customize,chat:write,chat:write.public,incoming-webhook,commands U06JLFZT7GR A06J7D5SJGK {wilson gmail test T03FFC1TUPR}}
2024/02/19 21:17:20 slackbot.go:110: Bot token stored successfully for team wilson gmail test
2024/02/19 21:17:21 main.go:62: Request: GET /favicon.ico, Response: 200, Duration: 1.158µs
2024/02/19 21:17:54 slackbot.go:164: X-Slack-Signature: v0=c069e3abab1a264056e6b480da13f8e980dbbe1a480e1f4fea19ea45267eb53b, X-Slack-Request-Timestamp: 1708399074
2024/02/19 21:17:54 slackbot.go:232: App home opened event received: &{Type:app_home_opened User:U03G8JD38GH Channel:D06JAA4NTC4 EventTimeStamp:1708399074.782364 Tab:home View:{SlackResponse:{Ok:false Error: ResponseMetadata:{Cursor: Messages:[] Warnings:[]}} ID: TeamID: Type: Title:<nil> Close:<nil> Submit:<nil> Blocks:{BlockSet:[]} PrivateMetadata: CallbackID: State:<nil> Hash: ClearOnClose:false NotifyOnClose:false RootViewID: PreviousViewID: AppID: ExternalID: BotID: AppInstalledTeamID:}}
2024/02/19 21:17:55 publishHomePage.go:34: PublishView() response: &{{true  { [] [missing_charset]}} {{false  { [] []}} V06KZHXT9TK T03FFC1TUPR home 0xc00070e960 <nil> <nil> {[0xc00070e7b0 0xc00013f450 0xc00013f4a0]}   0xc00053a300 1708399075.ugszgIAS false false V06KZHXT9TK  A06J7D5SJGK  B06J7NSG527 T03FFC1TUPR}}
2024/02/19 21:17:55 slackbot.go:240: Events: POST /events, Status: 200
